2018-10-16 16:10:08.010  INFO 1484 --- [restartedMain] com.clairvoyant.notes.NotesApplication   : Starting NotesApplication on DESKTOP-DNR134T with PID 1484 (started by Shoaib Shaikh in C:\Users\Shoaib Shaikh\Downloads\Clairvoyant\notes 2)
2018-10-16 16:10:08.011  INFO 1484 --- [restartedMain] com.clairvoyant.notes.NotesApplication   : No active profile set, falling back to default profiles: default
2018-10-16 16:10:08.740  INFO 1484 --- [restartedMain] ationConfigEmbeddedWebApplicationContext : Refreshing org.springframework.boot.context.embedded.AnnotationConfigEmbeddedWebApplicationContext@4956bcf9: startup date [Tue Oct 16 16:10:08 IST 2018]; root of context hierarchy
2018-10-16 16:10:11.654  INFO 1484 --- [restartedMain] s.b.c.e.t.TomcatEmbeddedServletContainer : Tomcat initialized with port(s): 8080 (http)
2018-10-16 16:10:11.667  INFO 1484 --- [restartedMain] o.apache.catalina.core.StandardService   : Starting service [Tomcat]
2018-10-16 16:10:11.669  INFO 1484 --- [restartedMain] org.apache.catalina.core.StandardEngine  : Starting Servlet Engine: Apache Tomcat/8.5.15
2018-10-16 16:10:11.791  INFO 1484 --- [localhost-startStop-1] o.a.c.c.C.[Tomcat].[localhost].[/]       : Initializing Spring embedded WebApplicationContext
2018-10-16 16:10:13.452  INFO 1484 --- [localhost-startStop-1] j.LocalContainerEntityManagerFactoryBean : Building JPA container EntityManagerFactory for persistence unit 'default'
2018-10-16 16:10:14.503  INFO 1484 --- [localhost-startStop-1] j.LocalContainerEntityManagerFactoryBean : Initialized JPA EntityManagerFactory for persistence unit 'default'
2018-10-16 16:10:14.915  INFO 1484 --- [localhost-startStop-1] o.s.b.w.servlet.FilterRegistrationBean   : Mapping filter: 'characterEncodingFilter' to: [/*]
2018-10-16 16:10:14.917  INFO 1484 --- [localhost-startStop-1] o.s.b.w.servlet.FilterRegistrationBean   : Mapping filter: 'hiddenHttpMethodFilter' to: [/*]
2018-10-16 16:10:14.918  INFO 1484 --- [localhost-startStop-1] o.s.b.w.servlet.FilterRegistrationBean   : Mapping filter: 'httpPutFormContentFilter' to: [/*]
2018-10-16 16:10:14.920  INFO 1484 --- [localhost-startStop-1] o.s.b.w.servlet.FilterRegistrationBean   : Mapping filter: 'requestContextFilter' to: [/*]
2018-10-16 16:10:14.921  INFO 1484 --- [localhost-startStop-1] .s.DelegatingFilterProxyRegistrationBean : Mapping filter: 'springSecurityFilterChain' to: [/*]
2018-10-16 16:10:14.922  INFO 1484 --- [localhost-startStop-1] o.s.b.w.servlet.FilterRegistrationBean   : Mapping filter: 'jwtAuthenticationFilter' to: [/*]
2018-10-16 16:10:14.922  INFO 1484 --- [localhost-startStop-1] o.s.b.w.servlet.ServletRegistrationBean  : Mapping servlet: 'dispatcherServlet' to [/]
2018-10-16 16:10:15.402  INFO 1484 --- [restartedMain] o.s.s.web.DefaultSecurityFilterChain     : Creating filter chain: org.springframework.security.web.util.matcher.AnyRequestMatcher@1, [org.springframework.security.web.context.request.async.WebAsyncManagerIntegrationFilter@1e07d73d, org.springframework.security.web.context.SecurityContextPersistenceFilter@281c3279, org.springframework.security.web.header.HeaderWriterFilter@19f67643, org.springframework.security.web.authentication.logout.LogoutFilter@12b567bf, com.clairvoyant.notes.security.JwtAuthenticationFilter@30d43d32, org.springframework.security.web.savedrequest.RequestCacheAwareFilter@2870add7, org.springframework.security.web.servletapi.SecurityContextHolderAwareRequestFilter@50c5a6d1, org.springframework.security.web.authentication.AnonymousAuthenticationFilter@6b64ef01, org.springframework.security.web.session.SessionManagementFilter@409f5863, org.springframework.security.web.access.ExceptionTranslationFilter@164d60db, org.springframework.security.web.access.intercept.FilterSecurityInterceptor@2a5ec589]
2018-10-16 16:10:16.000  WARN 1484 --- [restartedMain] .t.AbstractTemplateResolverConfiguration : Cannot find template location: classpath:/templates/ (please add some templates or check your Thymeleaf configuration)
2018-10-16 16:10:16.535  INFO 1484 --- [restartedMain] o.s.b.d.a.OptionalLiveReloadServer       : LiveReload server is running on port 35729
2018-10-16 16:10:16.619  INFO 1484 --- [restartedMain] o.s.j.e.a.AnnotationMBeanExporter        : Registering beans for JMX exposure on startup
2018-10-16 16:10:16.678  INFO 1484 --- [restartedMain] s.b.c.e.t.TomcatEmbeddedServletContainer : Tomcat started on port(s): 8080 (http)
2018-10-16 16:10:16.683  INFO 1484 --- [restartedMain] com.clairvoyant.notes.NotesApplication   : Started NotesApplication in 9.14 seconds (JVM running for 9.966)
2018-10-16 16:10:44.060  INFO 12876 --- [restartedMain] com.clairvoyant.notes.NotesApplication   : Starting NotesApplication on DESKTOP-DNR134T with PID 12876 (started by Shoaib Shaikh in C:\Users\Shoaib Shaikh\Downloads\Clairvoyant\notes 2)
2018-10-16 16:10:44.061  INFO 12876 --- [restartedMain] com.clairvoyant.notes.NotesApplication   : No active profile set, falling back to default profiles: default
2018-10-16 16:10:44.684  INFO 12876 --- [restartedMain] ationConfigEmbeddedWebApplicationContext : Refreshing org.springframework.boot.context.embedded.AnnotationConfigEmbeddedWebApplicationContext@3a750c71: startup date [Tue Oct 16 16:10:44 IST 2018]; root of context hierarchy
2018-10-16 16:10:47.831  INFO 12876 --- [restartedMain] s.b.c.e.t.TomcatEmbeddedServletContainer : Tomcat initialized with port(s): 8080 (http)
2018-10-16 16:10:47.849  INFO 12876 --- [restartedMain] o.apache.catalina.core.StandardService   : Starting service [Tomcat]
2018-10-16 16:10:47.850  INFO 12876 --- [restartedMain] org.apache.catalina.core.StandardEngine  : Starting Servlet Engine: Apache Tomcat/8.5.15
2018-10-16 16:10:47.991  INFO 12876 --- [localhost-startStop-1] o.a.c.c.C.[Tomcat].[localhost].[/]       : Initializing Spring embedded WebApplicationContext
2018-10-16 16:10:49.610  INFO 12876 --- [localhost-startStop-1] j.LocalContainerEntityManagerFactoryBean : Building JPA container EntityManagerFactory for persistence unit 'default'
2018-10-16 16:10:50.776  INFO 12876 --- [localhost-startStop-1] j.LocalContainerEntityManagerFactoryBean : Initialized JPA EntityManagerFactory for persistence unit 'default'
2018-10-16 16:10:51.200  INFO 12876 --- [localhost-startStop-1] o.s.b.w.servlet.FilterRegistrationBean   : Mapping filter: 'characterEncodingFilter' to: [/*]
2018-10-16 16:10:51.201  INFO 12876 --- [localhost-startStop-1] o.s.b.w.servlet.FilterRegistrationBean   : Mapping filter: 'hiddenHttpMethodFilter' to: [/*]
2018-10-16 16:10:51.202  INFO 12876 --- [localhost-startStop-1] o.s.b.w.servlet.FilterRegistrationBean   : Mapping filter: 'httpPutFormContentFilter' to: [/*]
2018-10-16 16:10:51.203  INFO 12876 --- [localhost-startStop-1] o.s.b.w.servlet.FilterRegistrationBean   : Mapping filter: 'requestContextFilter' to: [/*]
2018-10-16 16:10:51.205  INFO 12876 --- [localhost-startStop-1] .s.DelegatingFilterProxyRegistrationBean : Mapping filter: 'springSecurityFilterChain' to: [/*]
2018-10-16 16:10:51.205  INFO 12876 --- [localhost-startStop-1] o.s.b.w.servlet.FilterRegistrationBean   : Mapping filter: 'jwtAuthenticationFilter' to: [/*]
2018-10-16 16:10:51.206  INFO 12876 --- [localhost-startStop-1] o.s.b.w.servlet.ServletRegistrationBean  : Mapping servlet: 'dispatcherServlet' to [/]
2018-10-16 16:10:51.500  INFO 12876 --- [restartedMain] o.s.s.web.DefaultSecurityFilterChain     : Creating filter chain: org.springframework.security.web.util.matcher.AnyRequestMatcher@1, [org.springframework.security.web.context.request.async.WebAsyncManagerIntegrationFilter@2b968cfa, org.springframework.security.web.context.SecurityContextPersistenceFilter@74a915e0, org.springframework.security.web.header.HeaderWriterFilter@4e4943dd, org.springframework.security.web.authentication.logout.LogoutFilter@494b67a4, com.clairvoyant.notes.security.JwtAuthenticationFilter@5b311e8d, org.springframework.security.web.savedrequest.RequestCacheAwareFilter@7546682e, org.springframework.security.web.servletapi.SecurityContextHolderAwareRequestFilter@14950b44, org.springframework.security.web.authentication.AnonymousAuthenticationFilter@39d3378e, org.springframework.security.web.session.SessionManagementFilter@705898f, org.springframework.security.web.access.ExceptionTranslationFilter@72d696f5, org.springframework.security.web.access.intercept.FilterSecurityInterceptor@39645847]
2018-10-16 16:10:52.157  WARN 12876 --- [restartedMain] .t.AbstractTemplateResolverConfiguration : Cannot find template location: classpath:/templates/ (please add some templates or check your Thymeleaf configuration)
2018-10-16 16:10:52.731  INFO 12876 --- [restartedMain] o.s.b.d.a.OptionalLiveReloadServer       : LiveReload server is running on port 35729
2018-10-16 16:10:52.803  INFO 12876 --- [restartedMain] o.s.j.e.a.AnnotationMBeanExporter        : Registering beans for JMX exposure on startup
2018-10-16 16:10:52.878  INFO 12876 --- [restartedMain] s.b.c.e.t.TomcatEmbeddedServletContainer : Tomcat started on port(s): 8080 (http)
2018-10-16 16:10:52.884  INFO 12876 --- [restartedMain] com.clairvoyant.notes.NotesApplication   : Started NotesApplication in 9.284 seconds (JVM running for 10.016)
2018-10-16 17:27:16.086  INFO 12876 --- [http-nio-8080-exec-9] o.a.c.c.C.[Tomcat].[localhost].[/]       : Initializing Spring FrameworkServlet 'dispatcherServlet'
